2025-06-21T11:44:21+05:30 - DELETE operation - Key: SUCCESS - Status: session_token
2025-06-21T11:44:21+05:30 - CLEANUP operation - Key: Expired - Status: session_token
2025-06-21T11:44:21+05:30 - DELETE operation - Key: SUCCESS - Status: cache_data
2025-06-21T11:44:21+05:30 - CLEANUP operation - Key: Expired - Status: cache_data
2025-06-21T11:44:21+05:30 - DELETE operation - Key: SUCCESS - Status: api_key
2025-06-21T11:44:21+05:30 - CLEANUP operation - Key: Expired - Status: api_key
2025-06-21T11:44:21+05:30 - DELETE operation - Key: SUCCESS - Status: user_preferences
2025-06-21T11:44:21+05:30 - CLEANUP operation - Key: Expired - Status: user_preferences
2025-06-21T11:44:21+05:30 - DELETE operation - Key: SUCCESS - Status: user1
2025-06-21T11:44:21+05:30 - CLEANUP operation - Key: Expired - Status: user1
2025-06-21T11:44:21+05:30 - DELETE operation - Key: SUCCESS - Status: user2
2025-06-21T11:44:21+05:30 - CLEANUP operation - Key: Expired - Status: user2
2025-06-21T11:44:21+05:30 - DELETE operation - Key: SUCCESS - Status: temp_data
2025-06-21T11:44:21+05:30 - CLEANUP operation - Key: Expired - Status: temp_data
2025-06-21T11:44:21+05:30 - DELETE operation - Key: SUCCESS - Status: config
2025-06-21T11:44:21+05:30 - CLEANUP operation - Key: Expired - Status: config
2025-06-21T11:48:54+05:30 - SET operation - Key: SUCCESS - Status: mykey
2025-06-21T11:49:15+05:30 - READ operation - Key: SUCCESS - Status: mykey
2025-06-21T11:49:46+05:30 - UPDATE operation - Key: SUCCESS - Status: mykey
2025-06-21T11:49:50+05:30 - READ operation - Key: SUCCESS - Status: mykey
2025-06-21T11:50:27+05:30 - DELETE operation - Key: SUCCESS - Status: mykey
2025-06-21T11:52:15+05:30 - SET operation - Key: SUCCESS - Status: 1
2025-06-21T11:52:19+05:30 - READ operation - Key: SUCCESS - Status: 1
2025-06-21T11:52:25+05:30 - UPDATE operation - Key: SUCCESS - Status: 1
2025-06-21T11:52:29+05:30 - READ operation - Key: SUCCESS - Status: 1
2025-06-21T11:52:34+05:30 - DELETE operation - Key: SUCCESS - Status: 1
